<?xml version="1.0" encoding="UTF-8"?>
<testsuite xmlns:xsi="http://www.w3.org/2001/XMLSchema-instance" xsi:noNamespaceSchemaLocation="https://maven.apache.org/surefire/maven-surefire-plugin/xsd/surefire-test-report.xsd" version="3.0.2" name="com.pandit.project.PanditApplicationTests" time="10.123" tests="1" errors="0" skipped="0" failures="0">
  <properties>
[...]
</properties>
  <testcase name="contextLoads" classname="com.pandit.project.PanditApplicationTests" time="0.644">
    <system-out><![CDATA[22:36:14.398 [main] INFO org.springframework.test.context.support.AnnotationConfigContextLoaderUtils -- Could not detect default configuration classes for test class [com.pandit.project.PanditApplicationTests]: PanditApplicationTests does not declare any static, non-private, non-final, nested classes annotated with @Configuration.
22:36:14.596 [main] INFO org.springframework.boot.test.context.SpringBootTestContextBootstrapper -- Found @SpringBootConfiguration com.pandit.project.PanditApplication for test class com.pandit.project.PanditApplicationTests

  .   ____          _            __ _ _
 /\\ / ___'_ __ _ _(_)_ __  __ _ \ \ \ \
( ( )\___ | '_ | '_| | '_ \/ _` | \ \ \ \
 \\/  ___)| |_)| | | | | || (_| |  ) ) ) )
  '  |____| .__|_| |_|_| |_\__, | / / / /
 =========|_|==============|___/=/_/_/_/

 :: Spring Boot ::               (v3.4.12)

2026-03-09T22:36:15.387+05:30  INFO 23588 --- [pandit] [           main] c.pandit.project.PanditApplicationTests  : Starting PanditApplicationTests using Java 17.0.16 with PID 23588 (started by HP in D:\GitProjects\pandit)
2026-03-09T22:36:15.389+05:30  INFO 23588 --- [pandit] [           main] c.pandit.project.PanditApplicationTests  : The following 1 profile is active: "local"
2026-03-09T22:36:17.203+05:30  INFO 23588 --- [pandit] [           main] .s.d.r.c.RepositoryConfigurationDelegate : Bootstrapping Spring Data JPA repositories in DEFAULT mode.
2026-03-09T22:36:17.431+05:30  INFO 23588 --- [pandit] [           main] .s.d.r.c.RepositoryConfigurationDelegate : Finished Spring Data repository scanning in 213 ms. Found 4 JPA repository interfaces.
2026-03-09T22:36:18.513+05:30  INFO 23588 --- [pandit] [           main] o.hibernate.jpa.internal.util.LogHelper  : HHH000204: Processing PersistenceUnitInfo [name: default]
2026-03-09T22:36:18.621+05:30  INFO 23588 --- [pandit] [           main] org.hibernate.Version                    : HHH000412: Hibernate ORM core version 6.6.36.Final
2026-03-09T22:36:18.701+05:30  INFO 23588 --- [pandit] [           main] o.h.c.internal.RegionFactoryInitiator    : HHH000026: Second-level cache disabled
2026-03-09T22:36:19.404+05:30  INFO 23588 --- [pandit] [           main] o.s.o.j.p.SpringPersistenceUnitInfo      : No LoadTimeWeaver setup: ignoring JPA class transformer
2026-03-09T22:36:19.463+05:30  INFO 23588 --- [pandit] [           main] com.zaxxer.hikari.HikariDataSource       : HikariPool-1 - Starting...
2026-03-09T22:36:19.905+05:30  INFO 23588 --- [pandit] [           main] com.zaxxer.hikari.pool.HikariPool        : HikariPool-1 - Added connection org.postgresql.jdbc.PgConnection@3ce7490a
2026-03-09T22:36:19.910+05:30  INFO 23588 --- [pandit] [           main] com.zaxxer.hikari.HikariDataSource       : HikariPool-1 - Start completed.
2026-03-09T22:36:19.974+05:30  WARN 23588 --- [pandit] [           main] org.hibernate.orm.deprecation            : HHH90000025: PostgreSQLDialect does not need to be specified explicitly using 'hibernate.dialect' (remove the property setting and it will be selected by default)
2026-03-09T22:36:20.010+05:30  INFO 23588 --- [pandit] [           main] org.hibernate.orm.connections.pooling    : HHH10001005: Database info:
	Database JDBC URL [Connecting through datasource 'HikariDataSource (HikariPool-1)']
	Database driver: undefined/unknown
	Database version: 16.10
	Autocommit mode: undefined/unknown
	Isolation level: undefined/unknown
	Minimum pool size: undefined/unknown
	Maximum pool size: undefined/unknown
2026-03-09T22:36:21.470+05:30  INFO 23588 --- [pandit] [           main] o.h.e.t.j.p.i.JtaPlatformInitiator       : HHH000489: No JTA platform available (set 'hibernate.transaction.jta.platform' to enable JTA platform integration)
2026-03-09T22:36:21.588+05:30  INFO 23588 --- [pandit] [           main] j.LocalContainerEntityManagerFactoryBean : Initialized JPA EntityManagerFactory for persistence unit 'default'
2026-03-09T22:36:22.116+05:30  INFO 23588 --- [pandit] [           main] r$InitializeUserDetailsManagerConfigurer : Global AuthenticationManager configured with UserDetailsService bean with name customUserDetailsService
2026-03-09T22:36:22.372+05:30  WARN 23588 --- [pandit] [           main] JpaBaseConfiguration$JpaWebConfiguration : spring.jpa.open-in-view is enabled by default. Therefore, database queries may be performed during view rendering. Explicitly configure spring.jpa.open-in-view to disable this warning
2026-03-09T22:36:23.506+05:30  INFO 23588 --- [pandit] [           main] o.s.m.s.b.SimpleBrokerMessageHandler     : Starting...
2026-03-09T22:36:23.507+05:30  INFO 23588 --- [pandit] [           main] o.s.m.s.b.SimpleBrokerMessageHandler     : BrokerAvailabilityEvent[available=true, SimpleBrokerMessageHandler [org.springframework.messaging.simp.broker.DefaultSubscriptionRegistry@2dacad1d]]
2026-03-09T22:36:23.509+05:30  INFO 23588 --- [pandit] [           main] o.s.m.s.b.SimpleBrokerMessageHandler     : Started.
2026-03-09T22:36:23.606+05:30  INFO 23588 --- [pandit] [           main] c.pandit.project.PanditApplicationTests  : Started PanditApplicationTests in 8.729 seconds (process running for 10.304)
]]></system-out>
  </testcase>
</testsuite>